2023-02-24 08:43:48.037 [background-preinit] INFO  o.h.validator.internal.util.Version - HV000001: Hibernate Validator 8.0.0.Final
2023-02-24 08:43:48.085 [main] INFO  o.s.s.petclinic.PetClinicApplication - Starting PetClinicApplication v3.0.0-SNAPSHOT using Java 17.0.2 with PID 13083 (/Users/ZeiyaanSnigdhaPraveen/PB_WORK/ProjectModules/gitHub/spring-petclinic/target/spring-petclinic-3.0.0-SNAPSHOT.jar started by ZeiyaanSnigdhaPraveen in /Users/ZeiyaanSnigdhaPraveen/PB_WORK/ProjectModules/gitHub/spring-petclinic)
2023-02-24 08:43:48.086 [main] INFO  o.s.s.petclinic.PetClinicApplication - No active profile set, falling back to 1 default profile: "default"
2023-02-24 08:43:48.946 [main] INFO  o.s.d.r.c.RepositoryConfigurationDelegate - Bootstrapping Spring Data JPA repositories in DEFAULT mode.
2023-02-24 08:43:49.010 [main] INFO  o.s.d.r.c.RepositoryConfigurationDelegate - Finished Spring Data repository scanning in 44 ms. Found 2 JPA repository interfaces.
2023-02-24 08:43:49.564 [main] INFO  o.s.b.w.e.tomcat.TomcatWebServer - Tomcat initialized with port(s): 9090 (http)
2023-02-24 08:43:49.572 [main] INFO  o.a.coyote.http11.Http11NioProtocol - Initializing ProtocolHandler ["http-nio-9090"]
2023-02-24 08:43:49.573 [main] INFO  o.a.catalina.core.StandardService - Starting service [Tomcat]
2023-02-24 08:43:49.573 [main] INFO  o.a.catalina.core.StandardEngine - Starting Servlet engine: [Apache Tomcat/10.1.5]
2023-02-24 08:43:49.630 [main] INFO  o.a.c.c.C.[Tomcat].[localhost].[/] - Initializing Spring embedded WebApplicationContext
2023-02-24 08:43:49.632 [main] INFO  o.s.b.w.s.c.ServletWebServerApplicationContext - Root WebApplicationContext: initialization completed in 1498 ms
2023-02-24 08:43:49.813 [main] INFO  com.zaxxer.hikari.HikariDataSource - HikariPool-1 - Starting...
2023-02-24 08:43:50.016 [main] INFO  com.zaxxer.hikari.pool.HikariPool - HikariPool-1 - Added connection conn0: url=jdbc:h2:mem:130d03fc-f077-4b70-9960-937a64b3e2f0 user=SA
2023-02-24 08:43:50.018 [main] INFO  com.zaxxer.hikari.HikariDataSource - HikariPool-1 - Start completed.
2023-02-24 08:43:50.141 [main] INFO  o.h.jpa.internal.util.LogHelper - HHH000204: Processing PersistenceUnitInfo [name: default]
2023-02-24 08:43:50.199 [main] INFO  org.hibernate.Version - HHH000412: Hibernate ORM core version 6.1.6.Final
2023-02-24 08:43:50.349 [main] WARN  org.hibernate.orm.deprecation - HHH90000021: Encountered deprecated setting [javax.persistence.sharedCache.mode], use [jakarta.persistence.sharedCache.mode] instead
2023-02-24 08:43:50.478 [main] INFO  SQL dialect - HHH000400: Using dialect: org.hibernate.dialect.H2Dialect
2023-02-24 08:43:51.294 [main] INFO  o.h.e.t.j.p.i.JtaPlatformInitiator - HHH000490: Using JtaPlatform implementation: [org.hibernate.engine.transaction.jta.platform.internal.NoJtaPlatform]
2023-02-24 08:43:51.302 [main] INFO  o.s.o.j.LocalContainerEntityManagerFactoryBean - Initialized JPA EntityManagerFactory for persistence unit 'default'
2023-02-24 08:43:52.316 [main] INFO  o.s.b.a.e.web.EndpointLinksResolver - Exposing 13 endpoint(s) beneath base path '/actuator'
2023-02-24 08:43:52.372 [main] INFO  o.a.coyote.http11.Http11NioProtocol - Starting ProtocolHandler ["http-nio-9090"]
2023-02-24 08:43:52.399 [main] INFO  o.s.b.w.e.tomcat.TomcatWebServer - Tomcat started on port(s): 9090 (http) with context path ''
2023-02-24 08:43:52.411 [main] INFO  o.s.s.petclinic.PetClinicApplication - Started PetClinicApplication in 4.827 seconds (process running for 5.216)
2023-02-24 08:44:17.458 [http-nio-9090-exec-1] INFO  o.a.c.c.C.[Tomcat].[localhost].[/] - Initializing Spring DispatcherServlet 'dispatcherServlet'
2023-02-24 08:44:17.458 [http-nio-9090-exec-1] INFO  o.s.web.servlet.DispatcherServlet - Initializing Servlet 'dispatcherServlet'
2023-02-24 08:44:17.459 [http-nio-9090-exec-1] INFO  o.s.web.servlet.DispatcherServlet - Completed initialization in 1 ms
